<?xml version="1.0" encoding="UTF-8"?>
<!-- Generated by org.testng.reporters.JUnitReportReporter -->
<testsuite skipped="0" hostname="DESKTOP-51NR18P" name="testCases.TC001_CreateLead" tests="4" failures="0" timestamp="23 Mar 2019 05:27:50 GMT" time="72.506" errors="0">
  <testcase name="createLeadTest" time="16.158" classname="testCases.TC001_CreateLead"/>
  <testcase name="createLeadTest" time="23.128" classname="testCases.TC001_CreateLead"/>
  <testcase name="createLeadTest" time="16.698" classname="testCases.TC001_CreateLead"/>
  <testcase name="createLeadTest" time="16.522" classname="testCases.TC001_CreateLead"/>
</testsuite> <!-- testCases.TC001_CreateLead -->
