<?xml version="1.0" encoding="UTF-8"?>
<!-- Generated by org.testng.reporters.JUnitReportReporter -->
<testsuite skipped="0" hostname="DESKTOP-51NR18P" name="testCases.TC004_DuplicateLead" tests="2" failures="0" timestamp="23 Mar 2019 05:32:34 GMT" time="58.160" errors="0">
  <testcase name="duplicateLeadTest" time="33.603" classname="testCases.TC004_DuplicateLead"/>
  <testcase name="duplicateLeadTest" time="24.557" classname="testCases.TC004_DuplicateLead"/>
</testsuite> <!-- testCases.TC004_DuplicateLead -->
